<?xml version="1.0" encoding="UTF-8"?>
<!-- Generated by org.testng.reporters.JUnitReportReporter -->
<testsuite hostname="DESKTOP-3SDKRG4" failures="0" tests="1" name="Cucumberoption.TestNGRunner" time="4.924" errors="0" timestamp="2024-05-03T11:57:13 IST" skipped="0">
  <testcase classname="Cucumberoption.TestNGRunner" name="runScenario" time="4.924"/>
  <system-out/>
</testsuite> <!-- Cucumberoption.TestNGRunner -->
